<?xml version="1.0" encoding="UTF-8"?>
<!-- Generated by org.testng.reporters.JUnitXMLReporter -->
<testsuite hostname="soprano.ee.ryerson.ca" name="Test" tests="4" failures="0" timestamp="11 Mar 2024 14:10:09 GMT" time="10.896" errors="0">
  <testcase name="openBrowser" time="4.23" classname="test.Q7"/>
  <testcase name="launchLinkedin" time="1.036" classname="test.Q7"/>
  <testcase name="peformSeachAndClick1stLink" time="5.615" classname="test.Q7"/>
  <testcase name="LinkedinLoginVerification" time="0.005" classname="test.Q7"/>
</testsuite> <!-- Test -->
