<?xml version="1.0" encoding="UTF-8"?>
<!-- Generated by org.testng.reporters.JUnitXMLReporter -->
<testsuite hostname="soprano.ee.ryerson.ca" name="Default test" tests="5" failures="0" timestamp="11 Mar 2024 14:31:28 GMT" time="9.701" errors="0">
  <testcase name="openBrowser" time="4.268" classname="test.Q5_Part1"/>
  <testcase name="launchGoogle" time="1.76" classname="test.Q5_Part1"/>
  <testcase name="peformSeachAndClick1stLink" time="2.105" classname="test.Q5_Part1"/>
  <testcase name="FaceBookPageTitleVerification" time="0.006" classname="test.Q5_Part1"/>
  <testcase name="driverexit" time="1.552" classname="test.Q5_Part1"/>
</testsuite> <!-- Default test -->
